<?xml version="1.0" encoding="UTF-8"?>
<testng-results skipped="0" failed="0" ignored="0" total="2" passed="2">
  <reporter-output>
  </reporter-output>
  <suite name="Default suite" duration-ms="98826" started-at="2018-12-13T00:40:51Z" finished-at="2018-12-13T00:42:30Z">
    <groups>
    </groups>
    <test name="Default test" duration-ms="98826" started-at="2018-12-13T00:40:51Z" finished-at="2018-12-13T00:42:30Z">
      <class name="test.java.SignupTest">
        <test-method status="PASS" signature="testSignup(java.lang.String, java.lang.String, java.lang.String, java.lang.String, java.lang.String, java.lang.String, java.lang.String, java.lang.String)[pri:0, instance:test.java.SignupTest@26be92ad]" name="testSignup" duration-ms="49514" started-at="2018-12-13T00:40:52Z" data-provider="getSignupData" finished-at="2018-12-13T00:41:41Z">
          <params>
            <param index="0">
              <value>
                <![CDATA[2400 5th Ave]]>
              </value>
            </param>
            <param index="1">
              <value>
                <![CDATA[103]]>
              </value>
            </param>
            <param index="2">
              <value>
                <![CDATA[Anshul]]>
              </value>
            </param>
            <param index="3">
              <value>
                <![CDATA[Sharma]]>
              </value>
            </param>
            <param index="4">
              <value>
                <![CDATA[4029399211]]>
              </value>
            </param>
            <param index="5">
              <value>
                <![CDATA[6602386251]]>
              </value>
            </param>
            <param index="6">
              <value>
                <![CDATA[asharma@gmail.com]]>
              </value>
            </param>
            <param index="7">
              <value>
                <![CDATA[asharma@gmail.com]]>
              </value>
            </param>
          </params>
          <reporter-output>
          </reporter-output>
        </test-method> <!-- testSignup -->
        <test-method status="PASS" signature="testSignup(java.lang.String, java.lang.String, java.lang.String, java.lang.String, java.lang.String, java.lang.String, java.lang.String, java.lang.String)[pri:0, instance:test.java.SignupTest@26be92ad]" name="testSignup" duration-ms="48558" started-at="2018-12-13T00:41:41Z" data-provider="getSignupData" finished-at="2018-12-13T00:42:30Z">
          <params>
            <param index="0">
              <value>
                <![CDATA[321 10th Ave]]>
              </value>
            </param>
            <param index="1">
              <value>
                <![CDATA[2201]]>
              </value>
            </param>
            <param index="2">
              <value>
                <![CDATA[Apoorva]]>
              </value>
            </param>
            <param index="3">
              <value>
                <![CDATA[Dubey]]>
              </value>
            </param>
            <param index="4">
              <value>
                <![CDATA[6825609124]]>
              </value>
            </param>
            <param index="5">
              <value>
                <![CDATA[6602386251]]>
              </value>
            </param>
            <param index="6">
              <value>
                <![CDATA[dubey.apoorva11@gmail.com]]>
              </value>
            </param>
            <param index="7">
              <value>
                <![CDATA[dubey.apoorva11@gmail.com]]>
              </value>
            </param>
          </params>
          <reporter-output>
          </reporter-output>
        </test-method> <!-- testSignup -->
      </class> <!-- test.java.SignupTest -->
    </test> <!-- Default test -->
  </suite> <!-- Default suite -->
</testng-results>
