<?xml version="1.0" encoding="UTF-8"?>
<!-- Generated by org.testng.reporters.JUnitXMLReporter -->
<testsuite hostname="L-C02K10B5F1G3" ignored="0" name="ChromeTest" tests="2" failures="0" timestamp="12 Dec 2018 21:39:27 GMT" time="0.728" errors="0">
  <testcase name="@BeforeTest setup" time="0.015" classname="test.java.SignupTest">
    <failure type="java.lang.Exception" message="Browser is not correct">
      <![CDATA[java.lang.Exception: Browser is not correct
at test.java.SignupTest.setup(SignupTest.java:171)
at java.util.concurrent.FutureTask.run(FutureTask.java:266)
at java.util.concurrent.ThreadPoolExecutor.runWorker(ThreadPoolExecutor.java:1142)
at java.util.concurrent.ThreadPoolExecutor$Worker.run(ThreadPoolExecutor.java:617)
at java.lang.Thread.run(Thread.java:748)
... Removed 15 stack frames]]>
    </failure>
  </testcase> <!-- @BeforeTest setup -->
  <testcase name="testSignup" time="0.0" classname="test.java.SignupTest">
    <skipped/>
  </testcase> <!-- testSignup -->
  <testcase name="testSignup" time="0.0" classname="test.java.SignupTest">
    <skipped/>
  </testcase> <!-- testSignup -->
</testsuite> <!-- ChromeTest -->
